<?xml version="1.0" encoding="UTF-8"?>
<!-- Generated by org.testng.reporters.JUnitXMLReporter -->
<testsuite hostname="disha" ignored="0" name="Accounts page Test" tests="4" failures="0" timestamp="27 Apr 2021 20:38:47 GMT" time="49.102" errors="0">
  <testcase name="getAccountsPagetitleTest" time="0.318" classname="com.qa.opencart.tests.AccountPageTest"/>
  <testcase name="getAccountsPageUrlTest" time="0.024" classname="com.qa.opencart.tests.AccountPageTest"/>
  <testcase name="verifyMyAccountLinkExistTest" time="1.921" classname="com.qa.opencart.tests.AccountPageTest"/>
  <testcase name="verifyAccHeaderSectionTest" time="1.035" classname="com.qa.opencart.tests.AccountPageTest"/>
</testsuite> <!-- Accounts page Test -->
