<?xml version="1.0" encoding="UTF-8"?>
<!-- Generated by org.testng.reporters.JUnitXMLReporter -->
<testsuite hostname="disha" ignored="0" name="Login page Test" tests="7" failures="0" timestamp="27 Apr 2021 20:39:22 GMT" time="84.159" errors="0">
  <testcase name="loginWithNegData" time="11.738" classname="com.qa.opencart.tests.LoginPageTest"/>
  <testcase name="loginWithNegData" time="12.074" classname="com.qa.opencart.tests.LoginPageTest"/>
  <testcase name="loginWithNegData" time="10.559" classname="com.qa.opencart.tests.LoginPageTest"/>
  <testcase name="getLoginPageTitleTest" time="0.263" classname="com.qa.opencart.tests.LoginPageTest"/>
  <testcase name="getLoginPageUrlTest" time="0.074" classname="com.qa.opencart.tests.LoginPageTest"/>
  <testcase name="verifyForgotPwdLinkTest" time="2.42" classname="com.qa.opencart.tests.LoginPageTest"/>
  <testcase name="loginTest" time="10.126" classname="com.qa.opencart.tests.LoginPageTest"/>
</testsuite> <!-- Login page Test -->
