<?xml version="1.0" encoding="UTF-8"?>
<!-- Generated by org.testng.reporters.JUnitXMLReporter -->
<testsuite hostname="disha" ignored="0" name="ProductInfo page Test" tests="4" failures="1" timestamp="27 Apr 2021 20:39:21 GMT" time="83.367" errors="0">
  <testcase name="getProductInfoTest" time="17.419" classname="com.qa.opencart.tests.ProductInfoPageTest">
    <failure type="java.lang.IndexOutOfBoundsException" message="Index: 0, Size: 0">
      <![CDATA[java.lang.IndexOutOfBoundsException: Index: 0, Size: 0
at java.util.ArrayList.rangeCheck(ArrayList.java:657)
at java.util.ArrayList.get(ArrayList.java:433)
at com.qa.opencart.pages.ProductInfoPage.getProductInformation(ProductInfoPage.java:59)
at com.qa.opencart.tests.ProductInfoPageTest.getProductInfoTest(ProductInfoPageTest.java:38)
at java.util.concurrent.FutureTask.run(FutureTask.java:266)
at java.util.concurrent.ThreadPoolExecutor.runWorker(ThreadPoolExecutor.java:1149)
at java.util.concurrent.ThreadPoolExecutor$Worker.run(ThreadPoolExecutor.java:624)
at java.lang.Thread.run(Thread.java:748)
... Removed 16 stack frames]]>
    </failure>
  </testcase> <!-- getProductInfoTest -->
  <testcase name="searchProductAndCountTest" time="5.894" classname="com.qa.opencart.tests.ProductInfoPageTest"/>
  <testcase name="searchProductAndCountTest" time="6.109" classname="com.qa.opencart.tests.ProductInfoPageTest"/>
  <testcase name="searchProductAndCountTest" time="5.464" classname="com.qa.opencart.tests.ProductInfoPageTest"/>
</testsuite> <!-- ProductInfo page Test -->
