<?xml version="1.0" encoding="UTF-8"?>
<!-- Generated by org.testng.reporters.JUnitXMLReporter -->
<testsuite hostname="disha" ignored="0" name="Registation page Test" tests="2" failures="0" timestamp="27 Apr 2021 20:40:04 GMT" time="75.921" errors="0">
  <testcase name="userRegistrationTest" time="25.174" classname="com.qa.opencart.tests.RegistrationPageTest"/>
  <testcase name="userRegistrationTest" time="23.189" classname="com.qa.opencart.tests.RegistrationPageTest"/>
</testsuite> <!-- Registation page Test -->
