<?xml version="1.0" encoding="UTF-8"?>
<testsuite xmlns:xsi="http://www.w3.org/2001/XMLSchema-instance" xsi:noNamespaceSchemaLocation="https://maven.apache.org/surefire/maven-surefire-plugin/xsd/surefire-test-report-3.0.xsd" version="3.0" name="TestSuite" time="131.561" tests="17" errors="0" skipped="0" failures="1">
  <properties>
[...]
</properties>
  <testcase name="getAccountsPagetitleTest" classname="com.qa.opencart.tests.AccountPageTest" time="1.139">
    <system-out><![CDATA[...
... TestNG 6.14.3 by Cédric Beust (cedric@beust.com)
...

I am in onStart method Login page Test
I am in onStart method Accounts page Test
I am in onStart method ProductInfo page Test
Running test cases on : --->null
Running test cases on : --->null
Running test cases on : --->null
browser name is : chrome
browser name is : chrome
browser name is : chrome
username : sheetal5764@test.com password : test@123
username : sheetal5764@test.com password : test@123
I am in onTestStart method loginWithNegData start
username : test@@gtyey.com password : teyytety
I am in onTestStart method getAccountsPagetitleTest start
I am in onTestStart method getProductInfoTest start
Search product name is :Macbook
I am in onTestSuccess method getAccountsPagetitleTest succeed
]]></system-out>
    <system-err><![CDATA[SLF4J: Failed to load class "org.slf4j.impl.StaticLoggerBinder".
SLF4J: Defaulting to no-operation (NOP) logger implementation
SLF4J: See http://www.slf4j.org/codes.html#StaticLoggerBinder for further details.
SSttaarrttiinngg  CChhrroommeeDDrriivveerr  990.00.0.4.4443300..242 4( 4(4cc66dd885500f0f08787dada464677dd99226e6e88eedddbd7b67565550a0eade6d5655599991-1r-erefsf/sb/rbranancchh-h-heeadadss/4/4443300@@{#{4#4292}9}) )o non  ppoorrtt 4 10380023

OOnnllyy  llooccaall  ccoonnnneeccttiioonnss  aarree  aalllloowweedd..

PPlleeaassee  sseeee  hhttttppss::////cchhrroommeeddrriivveerr..cchhrroommiiuumm..oorrgg//sseeccuurirtiyt-yco-ncsoindsiedreartiatonios nfs ofro rsu gsugeggstesiotnios nson  onke ekepiepngi nCg hCrohrmoeDmerDirvierv ers asfaef.e.

ChromeDriver was started successfully.
ChromeDriver was started successfully.
Starting ChromeDriver 90.0.4430.24 (4c6d850f087da467d926e8eddb76550aed655991-refs/branch-heads/4430@{#429}) on port 34724
Only local connections are allowed.
Please see https://chromedriver.chromium.org/security-considerations for suggestions on keeping ChromeDriver safe.
ChromeDriver was started successfully.
Apr 27, 2021 3:38:20 PM org.openqa.selenium.remote.ProtocolHandshake createSession
INFO: Detected dialect: W3C
Apr 27, 2021 3:38:20 PM org.openqa.selenium.remote.ProtocolHandshake createSession
INFO: Detected dialect: W3C
Apr 27, 2021 3:38:20 PM org.openqa.selenium.remote.ProtocolHandshake createSession
INFO: Detected dialect: W3C
]]></system-err>
  </testcase>
  <testcase name="getAccountsPageUrlTest" classname="com.qa.opencart.tests.AccountPageTest" time="0.064">
    <system-out><![CDATA[I am in onTestStart method getAccountsPageUrlTest start
I am in onTestSuccess method getAccountsPageUrlTest succeed
]]></system-out>
  </testcase>
  <testcase name="verifyMyAccountLinkExistTest" classname="com.qa.opencart.tests.AccountPageTest" time="0.587">
    <system-out><![CDATA[I am in onTestStart method loginWithNegData start
username :   password : 67357635
I am in onTestSuccess method verifyMyAccountLinkExistTest succeed
]]></system-out>
  </testcase>
  <testcase name="verifyAccHeaderSectionTest" classname="com.qa.opencart.tests.AccountPageTest" time="1.075">
    <system-out><![CDATA[I am in onTestStart method verifyAccHeaderSectionTest start
My Account
My Orders
My Affiliate Account
Newsletter
I am in onTestSuccess method verifyAccHeaderSectionTest succeed
]]></system-out>
  </testcase>
  <testcase name="loginWithNegData[test@@gtyey.com, teyytety](1)" classname="com.qa.opencart.tests.LoginPageTest" time="1.421">
    <system-out><![CDATA[I am in onTestStart method verifyMyAccountLinkExistTest start
I am in onTestSuccess method loginWithNegData succeed
]]></system-out>
  </testcase>
  <testcase name="loginWithNegData[ , 67357635](2)" classname="com.qa.opencart.tests.LoginPageTest" time="11.747">
    <system-out><![CDATA[I am in onFinish method Accounts page Test
I am in onStart method Registation page Test
Running test cases on : --->null
browser name is : chrome
I am in onTestSuccess method loginWithNegData succeed
]]></system-out>
    <system-err><![CDATA[Starting ChromeDriver 90.0.4430.24 (4c6d850f087da467d926e8eddb76550aed655991-refs/branch-heads/4430@{#429}) on port 30787
Only local connections are allowed.
Please see https://chromedriver.chromium.org/security-considerations for suggestions on keeping ChromeDriver safe.
ChromeDriver was started successfully.
Apr 27, 2021 3:38:52 PM org.openqa.selenium.remote.ProtocolHandshake createSession
INFO: Detected dialect: W3C
]]></system-err>
  </testcase>
  <testcase name="loginWithNegData[ ,  ](3)" classname="com.qa.opencart.tests.LoginPageTest" time="0.788">
    <system-out><![CDATA[I am in onTestStart method searchProductAndCountTest start
Search product name is :iMac
I am in onTestSuccess method loginWithNegData succeed
]]></system-out>
  </testcase>
  <testcase name="getLoginPageTitleTest" classname="com.qa.opencart.tests.LoginPageTest" time="0.26">
    <system-out><![CDATA[I am in onTestStart method getLoginPageTitleTest start
I am in onTestSuccess method getLoginPageTitleTest succeed
]]></system-out>
  </testcase>
  <testcase name="getLoginPageUrlTest" classname="com.qa.opencart.tests.LoginPageTest" time="0.071">
    <system-out><![CDATA[I am in onTestStart method getLoginPageUrlTest start
I am in onTestSuccess method getLoginPageUrlTest succeed
]]></system-out>
  </testcase>
  <testcase name="verifyForgotPwdLinkTest" classname="com.qa.opencart.tests.LoginPageTest" time="2.396">
    <system-out><![CDATA[I am in onTestStart method verifyForgotPwdLinkTest start
I am in onTestSuccess method verifyForgotPwdLinkTest succeed
]]></system-out>
  </testcase>
  <testcase name="loginTest" classname="com.qa.opencart.tests.LoginPageTest" time="3.082">
    <system-out><![CDATA[I am in onTestSuccess method loginTest succeed
]]></system-out>
  </testcase>
  <testcase name="getProductInfoTest" classname="com.qa.opencart.tests.ProductInfoPageTest" time="3.576">
    <failure message="Index: 0, Size: 0" type="java.lang.IndexOutOfBoundsException"><![CDATA[java.lang.IndexOutOfBoundsException: Index: 0, Size: 0
	at com.qa.opencart.tests.ProductInfoPageTest.getProductInfoTest(ProductInfoPageTest.java:38)
]]></failure>
    <system-out><![CDATA[I am in onTestStart method loginWithNegData start
username :   password :  
Product list : []
I am in onTestFailure method getProductInfoTest failed
Screenshot captured for test case:getProductInfoTest
]]></system-out>
  </testcase>
  <testcase name="searchProductAndCountTest[Macbook](1)" classname="com.qa.opencart.tests.ProductInfoPageTest" time="5.894">
    <system-out><![CDATA[I am in onTestStart method searchProductAndCountTest start
Search product name is :Macbook
I am in onTestSuccess method searchProductAndCountTest succeed
]]></system-out>
  </testcase>
  <testcase name="searchProductAndCountTest[iMac](2)" classname="com.qa.opencart.tests.ProductInfoPageTest" time="2.4">
    <system-out><![CDATA[I am in onTestStart method loginTest start
username : sheetal5764@test.com password : test@123
I am in onTestSuccess method searchProductAndCountTest succeed
]]></system-out>
  </testcase>
  <testcase name="searchProductAndCountTest[iPhone](3)" classname="com.qa.opencart.tests.ProductInfoPageTest" time="0.78">
    <system-out><![CDATA[I am in onTestStart method searchProductAndCountTest start
Search product name is :iPhone
I am in onTestStart method userRegistrationTest start
I am in onTestSuccess method searchProductAndCountTest succeed
]]></system-out>
  </testcase>
  <testcase name="userRegistrationTest[Jalpa, Shah, 7890245678, test@123, yes](1)" classname="com.qa.opencart.tests.RegistrationPageTest" time="25.238">
    <system-out><![CDATA[I am in onFinish method ProductInfo page Test
I am in onFinish method Login page Test
I am in onTestSuccess method userRegistrationTest succeed
]]></system-out>
  </testcase>
  <testcase name="userRegistrationTest[Jalu, Shah, 5375735573, test@123, no](2)" classname="com.qa.opencart.tests.RegistrationPageTest" time="23.149">
    <system-out><![CDATA[I am in onTestStart method userRegistrationTest start
I am in onTestSuccess method userRegistrationTest succeed
]]></system-out>
  </testcase>
</testsuite>