<?xml version="1.0" encoding="UTF-8"?>
<testsuite xmlns:xsi="http://www.w3.org/2001/XMLSchema-instance" xsi:noNamespaceSchemaLocation="https://maven.apache.org/surefire/maven-surefire-plugin/xsd/surefire-test-report-3.0.xsd" version="3.0" name="TestSuite" time="131.561" tests="17" errors="0" skipped="0" failures="1">
  <properties>
    <property name="sun.desktop" value="windows"/>
    <property name="awt.toolkit" value="sun.awt.windows.WToolkit"/>
    <property name="file.encoding.pkg" value="sun.io"/>
    <property name="java.specification.version" value="1.8"/>
    <property name="webdriver.chrome.driver" value="C:\Users\bhagyesh\.cache\selenium\chromedriver\win32\90.0.4430.24\chromedriver.exe"/>
    <property name="sun.cpu.isalist" value="pentium_pro+mmx pentium_pro pentium+mmx pentium i486 i386 i86"/>
    <property name="sun.jnu.encoding" value="Cp1252"/>
    <property name="java.class.path" value="C:\Users\bhagyesh\eclipse-workspace\AutomationTrainingProject\target\test-classes;C:\Users\bhagyesh\eclipse-workspace\AutomationTrainingProject\target\classes;C:\Users\bhagyesh\.m2\repository\org\seleniumhq\selenium\selenium-java\3.141.59\selenium-java-3.141.59.jar;C:\Users\bhagyesh\.m2\repository\org\seleniumhq\selenium\selenium-api\3.141.59\selenium-api-3.141.59.jar;C:\Users\bhagyesh\.m2\repository\org\seleniumhq\selenium\selenium-chrome-driver\3.141.59\selenium-chrome-driver-3.141.59.jar;C:\Users\bhagyesh\.m2\repository\org\seleniumhq\selenium\selenium-edge-driver\3.141.59\selenium-edge-driver-3.141.59.jar;C:\Users\bhagyesh\.m2\repository\org\seleniumhq\selenium\selenium-firefox-driver\3.141.59\selenium-firefox-driver-3.141.59.jar;C:\Users\bhagyesh\.m2\repository\org\seleniumhq\selenium\selenium-ie-driver\3.141.59\selenium-ie-driver-3.141.59.jar;C:\Users\bhagyesh\.m2\repository\org\seleniumhq\selenium\selenium-opera-driver\3.141.59\selenium-opera-driver-3.141.59.jar;C:\Users\bhagyesh\.m2\repository\org\seleniumhq\selenium\selenium-remote-driver\3.141.59\selenium-remote-driver-3.141.59.jar;C:\Users\bhagyesh\.m2\repository\org\seleniumhq\selenium\selenium-safari-driver\3.141.59\selenium-safari-driver-3.141.59.jar;C:\Users\bhagyesh\.m2\repository\org\seleniumhq\selenium\selenium-support\3.141.59\selenium-support-3.141.59.jar;C:\Users\bhagyesh\.m2\repository\net\bytebuddy\byte-buddy\1.8.15\byte-buddy-1.8.15.jar;C:\Users\bhagyesh\.m2\repository\org\apache\commons\commons-exec\1.3\commons-exec-1.3.jar;C:\Users\bhagyesh\.m2\repository\com\google\guava\guava\25.0-jre\guava-25.0-jre.jar;C:\Users\bhagyesh\.m2\repository\com\google\code\findbugs\jsr305\1.3.9\jsr305-1.3.9.jar;C:\Users\bhagyesh\.m2\repository\org\checkerframework\checker-compat-qual\2.0.0\checker-compat-qual-2.0.0.jar;C:\Users\bhagyesh\.m2\repository\com\google\errorprone\error_prone_annotations\2.1.3\error_prone_annotations-2.1.3.jar;C:\Users\bhagyesh\.m2\repository\com\google\j2objc\j2objc-annotations\1.1\j2objc-annotations-1.1.jar;C:\Users\bhagyesh\.m2\repository\org\codehaus\mojo\animal-sniffer-annotations\1.14\animal-sniffer-annotations-1.14.jar;C:\Users\bhagyesh\.m2\repository\com\squareup\okhttp3\okhttp\3.11.0\okhttp-3.11.0.jar;C:\Users\bhagyesh\.m2\repository\com\squareup\okio\okio\1.14.0\okio-1.14.0.jar;C:\Users\bhagyesh\.m2\repository\io\github\bonigarcia\webdrivermanager\4.3.1\webdrivermanager-4.3.1.jar;C:\Users\bhagyesh\.m2\repository\org\slf4j\slf4j-api\1.7.30\slf4j-api-1.7.30.jar;C:\Users\bhagyesh\.m2\repository\commons-io\commons-io\2.8.0\commons-io-2.8.0.jar;C:\Users\bhagyesh\.m2\repository\com\google\code\gson\gson\2.8.6\gson-2.8.6.jar;C:\Users\bhagyesh\.m2\repository\org\apache\commons\commons-lang3\3.11\commons-lang3-3.11.jar;C:\Users\bhagyesh\.m2\repository\org\apache\httpcomponents\client5\httpclient5\5.0.3\httpclient5-5.0.3.jar;C:\Users\bhagyesh\.m2\repository\org\apache\httpcomponents\core5\httpcore5\5.0.2\httpcore5-5.0.2.jar;C:\Users\bhagyesh\.m2\repository\org\apache\httpcomponents\core5\httpcore5-h2\5.0.2\httpcore5-h2-5.0.2.jar;C:\Users\bhagyesh\.m2\repository\org\rauschig\jarchivelib\1.1.0\jarchivelib-1.1.0.jar;C:\Users\bhagyesh\.m2\repository\org\apache\commons\commons-compress\1.20\commons-compress-1.20.jar;C:\Users\bhagyesh\.m2\repository\org\jsoup\jsoup\1.13.1\jsoup-1.13.1.jar;C:\Users\bhagyesh\.m2\repository\org\testng\testng\6.14.3\testng-6.14.3.jar;C:\Users\bhagyesh\.m2\repository\com\beust\jcommander\1.72\jcommander-1.72.jar;C:\Users\bhagyesh\.m2\repository\org\apache-extras\beanshell\bsh\2.0b6\bsh-2.0b6.jar;C:\Users\bhagyesh\.m2\repository\org\apache\poi\poi\3.9\poi-3.9.jar;C:\Users\bhagyesh\.m2\repository\commons-codec\commons-codec\1.5\commons-codec-1.5.jar;C:\Users\bhagyesh\.m2\repository\org\apache\poi\poi-ooxml\3.9\poi-ooxml-3.9.jar;C:\Users\bhagyesh\.m2\repository\dom4j\dom4j\1.6.1\dom4j-1.6.1.jar;C:\Users\bhagyesh\.m2\repository\xml-apis\xml-apis\1.0.b2\xml-apis-1.0.b2.jar;C:\Users\bhagyesh\.m2\repository\org\apache\poi\poi-ooxml-schemas\3.9\poi-ooxml-schemas-3.9.jar;C:\Users\bhagyesh\.m2\repository\org\apache\xmlbeans\xmlbeans\2.3.0\xmlbeans-2.3.0.jar;C:\Users\bhagyesh\.m2\repository\stax\stax-api\1.0.1\stax-api-1.0.1.jar;C:\Users\bhagyesh\.m2\repository\org\apache\poi\poi-scratchpad\3.9\poi-scratchpad-3.9.jar;C:\Users\bhagyesh\.m2\repository\org\apache\poi\ooxml-schemas\1.1\ooxml-schemas-1.1.jar;C:\Users\bhagyesh\.m2\repository\org\apache\poi\openxml4j\1.0-beta\openxml4j-1.0-beta.jar;C:\Users\bhagyesh\.m2\repository\log4j\log4j\1.2.8\log4j-1.2.8.jar;C:\Users\bhagyesh\.m2\repository\com\aventstack\extentreports\3.1.5\extentreports-3.1.5.jar;C:\Users\bhagyesh\.m2\repository\org\freemarker\freemarker\2.3.23\freemarker-2.3.23.jar;C:\Users\bhagyesh\.m2\repository\org\mongodb\mongodb-driver\3.3.0\mongodb-driver-3.3.0.jar;C:\Users\bhagyesh\.m2\repository\org\mongodb\bson\3.3.0\bson-3.3.0.jar;C:\Users\bhagyesh\.m2\repository\org\mongodb\mongodb-driver-core\3.3.0\mongodb-driver-core-3.3.0.jar;C:\Users\bhagyesh\.m2\repository\org\apache\httpcomponents\httpclient\4.5.2\httpclient-4.5.2.jar;C:\Users\bhagyesh\.m2\repository\org\apache\httpcomponents\httpcore\4.4.4\httpcore-4.4.4.jar;C:\Users\bhagyesh\.m2\repository\commons-logging\commons-logging\1.2\commons-logging-1.2.jar;C:\Users\bhagyesh\.m2\repository\org\apache\httpcomponents\httpmime\4.5.2\httpmime-4.5.2.jar;C:\Users\bhagyesh\.m2\repository\io\qameta\allure\allure-testng\2.12.0\allure-testng-2.12.0.jar;C:\Users\bhagyesh\.m2\repository\io\qameta\allure\allure-java-commons\2.12.0\allure-java-commons-2.12.0.jar;C:\Users\bhagyesh\.m2\repository\io\qameta\allure\allure-model\2.12.0\allure-model-2.12.0.jar;C:\Users\bhagyesh\.m2\repository\com\fasterxml\jackson\core\jackson-databind\2.9.8\jackson-databind-2.9.8.jar;C:\Users\bhagyesh\.m2\repository\com\fasterxml\jackson\core\jackson-annotations\2.9.0\jackson-annotations-2.9.0.jar;C:\Users\bhagyesh\.m2\repository\com\fasterxml\jackson\core\jackson-core\2.9.8\jackson-core-2.9.8.jar;C:\Users\bhagyesh\.m2\repository\org\apache\tika\tika-core\1.20\tika-core-1.20.jar;C:\Users\bhagyesh\.m2\repository\org\jooq\joor-java-8\0.9.10\joor-java-8-0.9.10.jar;C:\Users\bhagyesh\.m2\repository\javax\xml\bind\jaxb-api\2.3.1\jaxb-api-2.3.1.jar;C:\Users\bhagyesh\.m2\repository\javax\activation\javax.activation-api\1.2.0\javax.activation-api-1.2.0.jar;C:\Users\bhagyesh\.m2\repository\org\aspectj\aspectjweaver\1.9.5\aspectjweaver-1.9.5.jar;"/>
    <property name="java.vm.vendor" value="Oracle Corporation"/>
    <property name="sun.arch.data.model" value="32"/>
    <property name="user.variant" value=""/>
    <property name="java.vendor.url" value="http://java.oracle.com/"/>
    <property name="user.timezone" value="America/Chicago"/>
    <property name="java.vm.specification.version" value="1.8"/>
    <property name="os.name" value="Windows 10"/>
    <property name="user.country" value="US"/>
    <property name="sun.java.launcher" value="SUN_STANDARD"/>
    <property name="sun.boot.library.path" value="C:\Program Files (x86)\Java\jdk1.8.0_231\jre\bin"/>
    <property name="sun.java.command" value="C:\Users\bhagyesh\AppData\Local\Temp\surefire4319490698616889782\surefirebooter3723591739166101718.jar C:\Users\bhagyesh\AppData\Local\Temp\surefire4319490698616889782 2021-04-27T15-37-44_922-jvmRun1 surefire3368354826230111683tmp surefire_07332842128366093140tmp"/>
    <property name="surefire.test.class.path" value="C:\Users\bhagyesh\eclipse-workspace\AutomationTrainingProject\target\test-classes;C:\Users\bhagyesh\eclipse-workspace\AutomationTrainingProject\target\classes;C:\Users\bhagyesh\.m2\repository\org\seleniumhq\selenium\selenium-java\3.141.59\selenium-java-3.141.59.jar;C:\Users\bhagyesh\.m2\repository\org\seleniumhq\selenium\selenium-api\3.141.59\selenium-api-3.141.59.jar;C:\Users\bhagyesh\.m2\repository\org\seleniumhq\selenium\selenium-chrome-driver\3.141.59\selenium-chrome-driver-3.141.59.jar;C:\Users\bhagyesh\.m2\repository\org\seleniumhq\selenium\selenium-edge-driver\3.141.59\selenium-edge-driver-3.141.59.jar;C:\Users\bhagyesh\.m2\repository\org\seleniumhq\selenium\selenium-firefox-driver\3.141.59\selenium-firefox-driver-3.141.59.jar;C:\Users\bhagyesh\.m2\repository\org\seleniumhq\selenium\selenium-ie-driver\3.141.59\selenium-ie-driver-3.141.59.jar;C:\Users\bhagyesh\.m2\repository\org\seleniumhq\selenium\selenium-opera-driver\3.141.59\selenium-opera-driver-3.141.59.jar;C:\Users\bhagyesh\.m2\repository\org\seleniumhq\selenium\selenium-remote-driver\3.141.59\selenium-remote-driver-3.141.59.jar;C:\Users\bhagyesh\.m2\repository\org\seleniumhq\selenium\selenium-safari-driver\3.141.59\selenium-safari-driver-3.141.59.jar;C:\Users\bhagyesh\.m2\repository\org\seleniumhq\selenium\selenium-support\3.141.59\selenium-support-3.141.59.jar;C:\Users\bhagyesh\.m2\repository\net\bytebuddy\byte-buddy\1.8.15\byte-buddy-1.8.15.jar;C:\Users\bhagyesh\.m2\repository\org\apache\commons\commons-exec\1.3\commons-exec-1.3.jar;C:\Users\bhagyesh\.m2\repository\com\google\guava\guava\25.0-jre\guava-25.0-jre.jar;C:\Users\bhagyesh\.m2\repository\com\google\code\findbugs\jsr305\1.3.9\jsr305-1.3.9.jar;C:\Users\bhagyesh\.m2\repository\org\checkerframework\checker-compat-qual\2.0.0\checker-compat-qual-2.0.0.jar;C:\Users\bhagyesh\.m2\repository\com\google\errorprone\error_prone_annotations\2.1.3\error_prone_annotations-2.1.3.jar;C:\Users\bhagyesh\.m2\repository\com\google\j2objc\j2objc-annotations\1.1\j2objc-annotations-1.1.jar;C:\Users\bhagyesh\.m2\repository\org\codehaus\mojo\animal-sniffer-annotations\1.14\animal-sniffer-annotations-1.14.jar;C:\Users\bhagyesh\.m2\repository\com\squareup\okhttp3\okhttp\3.11.0\okhttp-3.11.0.jar;C:\Users\bhagyesh\.m2\repository\com\squareup\okio\okio\1.14.0\okio-1.14.0.jar;C:\Users\bhagyesh\.m2\repository\io\github\bonigarcia\webdrivermanager\4.3.1\webdrivermanager-4.3.1.jar;C:\Users\bhagyesh\.m2\repository\org\slf4j\slf4j-api\1.7.30\slf4j-api-1.7.30.jar;C:\Users\bhagyesh\.m2\repository\commons-io\commons-io\2.8.0\commons-io-2.8.0.jar;C:\Users\bhagyesh\.m2\repository\com\google\code\gson\gson\2.8.6\gson-2.8.6.jar;C:\Users\bhagyesh\.m2\repository\org\apache\commons\commons-lang3\3.11\commons-lang3-3.11.jar;C:\Users\bhagyesh\.m2\repository\org\apache\httpcomponents\client5\httpclient5\5.0.3\httpclient5-5.0.3.jar;C:\Users\bhagyesh\.m2\repository\org\apache\httpcomponents\core5\httpcore5\5.0.2\httpcore5-5.0.2.jar;C:\Users\bhagyesh\.m2\repository\org\apache\httpcomponents\core5\httpcore5-h2\5.0.2\httpcore5-h2-5.0.2.jar;C:\Users\bhagyesh\.m2\repository\org\rauschig\jarchivelib\1.1.0\jarchivelib-1.1.0.jar;C:\Users\bhagyesh\.m2\repository\org\apache\commons\commons-compress\1.20\commons-compress-1.20.jar;C:\Users\bhagyesh\.m2\repository\org\jsoup\jsoup\1.13.1\jsoup-1.13.1.jar;C:\Users\bhagyesh\.m2\repository\org\testng\testng\6.14.3\testng-6.14.3.jar;C:\Users\bhagyesh\.m2\repository\com\beust\jcommander\1.72\jcommander-1.72.jar;C:\Users\bhagyesh\.m2\repository\org\apache-extras\beanshell\bsh\2.0b6\bsh-2.0b6.jar;C:\Users\bhagyesh\.m2\repository\org\apache\poi\poi\3.9\poi-3.9.jar;C:\Users\bhagyesh\.m2\repository\commons-codec\commons-codec\1.5\commons-codec-1.5.jar;C:\Users\bhagyesh\.m2\repository\org\apache\poi\poi-ooxml\3.9\poi-ooxml-3.9.jar;C:\Users\bhagyesh\.m2\repository\dom4j\dom4j\1.6.1\dom4j-1.6.1.jar;C:\Users\bhagyesh\.m2\repository\xml-apis\xml-apis\1.0.b2\xml-apis-1.0.b2.jar;C:\Users\bhagyesh\.m2\repository\org\apache\poi\poi-ooxml-schemas\3.9\poi-ooxml-schemas-3.9.jar;C:\Users\bhagyesh\.m2\repository\org\apache\xmlbeans\xmlbeans\2.3.0\xmlbeans-2.3.0.jar;C:\Users\bhagyesh\.m2\repository\stax\stax-api\1.0.1\stax-api-1.0.1.jar;C:\Users\bhagyesh\.m2\repository\org\apache\poi\poi-scratchpad\3.9\poi-scratchpad-3.9.jar;C:\Users\bhagyesh\.m2\repository\org\apache\poi\ooxml-schemas\1.1\ooxml-schemas-1.1.jar;C:\Users\bhagyesh\.m2\repository\org\apache\poi\openxml4j\1.0-beta\openxml4j-1.0-beta.jar;C:\Users\bhagyesh\.m2\repository\log4j\log4j\1.2.8\log4j-1.2.8.jar;C:\Users\bhagyesh\.m2\repository\com\aventstack\extentreports\3.1.5\extentreports-3.1.5.jar;C:\Users\bhagyesh\.m2\repository\org\freemarker\freemarker\2.3.23\freemarker-2.3.23.jar;C:\Users\bhagyesh\.m2\repository\org\mongodb\mongodb-driver\3.3.0\mongodb-driver-3.3.0.jar;C:\Users\bhagyesh\.m2\repository\org\mongodb\bson\3.3.0\bson-3.3.0.jar;C:\Users\bhagyesh\.m2\repository\org\mongodb\mongodb-driver-core\3.3.0\mongodb-driver-core-3.3.0.jar;C:\Users\bhagyesh\.m2\repository\org\apache\httpcomponents\httpclient\4.5.2\httpclient-4.5.2.jar;C:\Users\bhagyesh\.m2\repository\org\apache\httpcomponents\httpcore\4.4.4\httpcore-4.4.4.jar;C:\Users\bhagyesh\.m2\repository\commons-logging\commons-logging\1.2\commons-logging-1.2.jar;C:\Users\bhagyesh\.m2\repository\org\apache\httpcomponents\httpmime\4.5.2\httpmime-4.5.2.jar;C:\Users\bhagyesh\.m2\repository\io\qameta\allure\allure-testng\2.12.0\allure-testng-2.12.0.jar;C:\Users\bhagyesh\.m2\repository\io\qameta\allure\allure-java-commons\2.12.0\allure-java-commons-2.12.0.jar;C:\Users\bhagyesh\.m2\repository\io\qameta\allure\allure-model\2.12.0\allure-model-2.12.0.jar;C:\Users\bhagyesh\.m2\repository\com\fasterxml\jackson\core\jackson-databind\2.9.8\jackson-databind-2.9.8.jar;C:\Users\bhagyesh\.m2\repository\com\fasterxml\jackson\core\jackson-annotations\2.9.0\jackson-annotations-2.9.0.jar;C:\Users\bhagyesh\.m2\repository\com\fasterxml\jackson\core\jackson-core\2.9.8\jackson-core-2.9.8.jar;C:\Users\bhagyesh\.m2\repository\org\apache\tika\tika-core\1.20\tika-core-1.20.jar;C:\Users\bhagyesh\.m2\repository\org\jooq\joor-java-8\0.9.10\joor-java-8-0.9.10.jar;C:\Users\bhagyesh\.m2\repository\javax\xml\bind\jaxb-api\2.3.1\jaxb-api-2.3.1.jar;C:\Users\bhagyesh\.m2\repository\javax\activation\javax.activation-api\1.2.0\javax.activation-api-1.2.0.jar;C:\Users\bhagyesh\.m2\repository\org\aspectj\aspectjweaver\1.9.5\aspectjweaver-1.9.5.jar;"/>
    <property name="sun.cpu.endian" value="little"/>
    <property name="user.home" value="C:\Users\bhagyesh"/>
    <property name="user.language" value="en"/>
    <property name="java.specification.vendor" value="Oracle Corporation"/>
    <property name="java.home" value="C:\Program Files (x86)\Java\jdk1.8.0_231\jre"/>
    <property name="basedir" value="C:\Users\bhagyesh\eclipse-workspace\AutomationTrainingProject"/>
    <property name="file.separator" value="\"/>
    <property name="line.separator" value="&#10;"/>
    <property name="java.vm.specification.vendor" value="Oracle Corporation"/>
    <property name="java.specification.name" value="Java Platform API Specification"/>
    <property name="java.awt.graphicsenv" value="sun.awt.Win32GraphicsEnvironment"/>
    <property name="surefire.real.class.path" value="C:\Users\bhagyesh\AppData\Local\Temp\surefire4319490698616889782\surefirebooter3723591739166101718.jar;C:\Users\bhagyesh\.m2\repository/org/aspectj/aspectjweaver/1.9.5/aspectjweaver-1.9.5.jar"/>
    <property name="sun.boot.class.path" value="C:\Program Files (x86)\Java\jdk1.8.0_231\jre\lib\resources.jar;C:\Program Files (x86)\Java\jdk1.8.0_231\jre\lib\rt.jar;C:\Program Files (x86)\Java\jdk1.8.0_231\jre\lib\sunrsasign.jar;C:\Program Files (x86)\Java\jdk1.8.0_231\jre\lib\jsse.jar;C:\Program Files (x86)\Java\jdk1.8.0_231\jre\lib\jce.jar;C:\Program Files (x86)\Java\jdk1.8.0_231\jre\lib\charsets.jar;C:\Program Files (x86)\Java\jdk1.8.0_231\jre\lib\jfr.jar;C:\Program Files (x86)\Java\jdk1.8.0_231\jre\classes"/>
    <property name="user.script" value=""/>
    <property name="sun.management.compiler" value="HotSpot Client Compiler"/>
    <property name="java.runtime.version" value="1.8.0_231-b11"/>
    <property name="user.name" value="bhagyesh"/>
    <property name="path.separator" value=";"/>
    <property name="os.version" value="10.0"/>
    <property name="java.endorsed.dirs" value="C:\Program Files (x86)\Java\jdk1.8.0_231\jre\lib\endorsed"/>
    <property name="java.runtime.name" value="Java(TM) SE Runtime Environment"/>
    <property name="file.encoding" value="Cp1252"/>
    <property name="java.vm.name" value="Java HotSpot(TM) Client VM"/>
    <property name="localRepository" value="C:\Users\bhagyesh\.m2\repository"/>
    <property name="java.vendor.url.bug" value="http://bugreport.sun.com/bugreport/"/>
    <property name="java.io.tmpdir" value="C:\Users\bhagyesh\AppData\Local\Temp\"/>
    <property name="java.version" value="1.8.0_231"/>
    <property name="user.dir" value="C:\Users\bhagyesh\eclipse-workspace\AutomationTrainingProject"/>
    <property name="os.arch" value="x86"/>
    <property name="java.vm.specification.name" value="Java Virtual Machine Specification"/>
    <property name="java.awt.printerjob" value="sun.awt.windows.WPrinterJob"/>
    <property name="sun.os.patch.level" value=""/>
    <property name="java.library.path" value="C:\Program Files (x86)\Java\jdk1.8.0_231\jre\bin;C:\WINDOWS\Sun\Java\bin;C:\WINDOWS\system32;C:\WINDOWS;C:\Program Files (x86)\Common Files\Oracle\Java\javapath;C:\Program Files (x86)\Intel\iCLS Client\;C:\Program Files\Intel\iCLS Client\;C:\WINDOWS\system32;C:\WINDOWS;C:\WINDOWS\System32\Wbem;C:\WINDOWS\System32\WindowsPowerShell\v1.0\;C:\Program Files\Hewlett-Packard\SimplePass\;C:\Program Files\Intel\Intel(R) Management Engine Components\DAL;C:\Program Files (x86)\Intel\Intel(R) Management Engine Components\DAL;C:\Program Files\Intel\Intel(R) Management Engine Components\IPT;C:\Program Files (x86)\Intel\Intel(R) Management Engine Components\IPT;C:\Program Files\nodejs\;C:\WINDOWS\System32\OpenSSH\;C:\Program Files (x86)\Java\jdk1.8.0_231\bin;C:\Users\Disha\Gradle\gradle-6.8\bin;C:\Program Files\Git\cmd;C:\Users\bhagyesh\apache-maven\apache-maven-3.8.1\bin;C:\Users\bhagyesh\scoop\shims;C:\Users\bhagyesh\AppData\Local\Microsoft\WindowsApps;C:\Users\bhagyesh\AppData\Roaming\npm;;."/>
    <property name="java.vm.info" value="mixed mode"/>
    <property name="java.vendor" value="Oracle Corporation"/>
    <property name="java.vm.version" value="25.231-b11"/>
    <property name="java.ext.dirs" value="C:\Program Files (x86)\Java\jdk1.8.0_231\jre\lib\ext;C:\WINDOWS\Sun\Java\lib\ext"/>
    <property name="sun.io.unicode.encoding" value="UnicodeLittle"/>
    <property name="java.class.version" value="52.0"/>
  </properties>
  <testcase name="getAccountsPagetitleTest" classname="com.qa.opencart.tests.AccountPageTest" time="1.139">
    <system-out><![CDATA[...
... TestNG 6.14.3 by CÃ©dric Beust (cedric@beust.com)
...

I am in onStart method Login page Test
I am in onStart method Accounts page Test
I am in onStart method ProductInfo page Test
Running test cases on : --->null
Running test cases on : --->null
Running test cases on : --->null
browser name is : chrome
browser name is : chrome
browser name is : chrome
username : sheetal5764@test.com password : test@123
username : sheetal5764@test.com password : test@123
I am in onTestStart method loginWithNegData start
username : test@@gtyey.com password : teyytety
I am in onTestStart method getAccountsPagetitleTest start
I am in onTestStart method getProductInfoTest start
Search product name is :Macbook
I am in onTestSuccess method getAccountsPagetitleTest succeed
]]></system-out>
    <system-err><![CDATA[SLF4J: Failed to load class "org.slf4j.impl.StaticLoggerBinder".
SLF4J: Defaulting to no-operation (NOP) logger implementation
SLF4J: See http://www.slf4j.org/codes.html#StaticLoggerBinder for further details.
SSttaarrttiinngg  CChhrroommeeDDrriivveerr  990.00.0.4.4443300..242 4( 4(4cc66dd885500f0f08787dada464677dd99226e6e88eedddbd7b67565550a0eade6d5655599991-1r-erefsf/sb/rbranancchh-h-heeadadss/4/4443300@@{#{4#4292}9}) )o non  ppoorrtt 4 10380023

OOnnllyy  llooccaall  ccoonnnneeccttiioonnss  aarree  aalllloowweedd..

PPlleeaassee  sseeee  hhttttppss::////cchhrroommeeddrriivveerr..cchhrroommiiuumm..oorrgg//sseeccuurirtiyt-yco-ncsoindsiedreartiatonios nfs ofro rsu gsugeggstesiotnios nson  onke ekepiepngi nCg hCrohrmoeDmerDirvierv ers asfaef.e.

ChromeDriver was started successfully.
ChromeDriver was started successfully.
Starting ChromeDriver 90.0.4430.24 (4c6d850f087da467d926e8eddb76550aed655991-refs/branch-heads/4430@{#429}) on port 34724
Only local connections are allowed.
Please see https://chromedriver.chromium.org/security-considerations for suggestions on keeping ChromeDriver safe.
ChromeDriver was started successfully.
Apr 27, 2021 3:38:20 PM org.openqa.selenium.remote.ProtocolHandshake createSession
INFO: Detected dialect: W3C
Apr 27, 2021 3:38:20 PM org.openqa.selenium.remote.ProtocolHandshake createSession
INFO: Detected dialect: W3C
Apr 27, 2021 3:38:20 PM org.openqa.selenium.remote.ProtocolHandshake createSession
INFO: Detected dialect: W3C
]]></system-err>
  </testcase>
  <testcase name="getAccountsPageUrlTest" classname="com.qa.opencart.tests.AccountPageTest" time="0.064">
    <system-out><![CDATA[I am in onTestStart method getAccountsPageUrlTest start
I am in onTestSuccess method getAccountsPageUrlTest succeed
]]></system-out>
  </testcase>
  <testcase name="verifyMyAccountLinkExistTest" classname="com.qa.opencart.tests.AccountPageTest" time="0.587">
    <system-out><![CDATA[I am in onTestStart method loginWithNegData start
username :   password : 67357635
I am in onTestSuccess method verifyMyAccountLinkExistTest succeed
]]></system-out>
  </testcase>
  <testcase name="verifyAccHeaderSectionTest" classname="com.qa.opencart.tests.AccountPageTest" time="1.075">
    <system-out><![CDATA[I am in onTestStart method verifyAccHeaderSectionTest start
My Account
My Orders
My Affiliate Account
Newsletter
I am in onTestSuccess method verifyAccHeaderSectionTest succeed
]]></system-out>
  </testcase>
  <testcase name="loginWithNegData[test@@gtyey.com, teyytety](1)" classname="com.qa.opencart.tests.LoginPageTest" time="1.421">
    <system-out><![CDATA[I am in onTestStart method verifyMyAccountLinkExistTest start
I am in onTestSuccess method loginWithNegData succeed
]]></system-out>
  </testcase>
  <testcase name="loginWithNegData[ , 67357635](2)" classname="com.qa.opencart.tests.LoginPageTest" time="11.747">
    <system-out><![CDATA[I am in onFinish method Accounts page Test
I am in onStart method Registation page Test
Running test cases on : --->null
browser name is : chrome
I am in onTestSuccess method loginWithNegData succeed
]]></system-out>
    <system-err><![CDATA[Starting ChromeDriver 90.0.4430.24 (4c6d850f087da467d926e8eddb76550aed655991-refs/branch-heads/4430@{#429}) on port 30787
Only local connections are allowed.
Please see https://chromedriver.chromium.org/security-considerations for suggestions on keeping ChromeDriver safe.
ChromeDriver was started successfully.
Apr 27, 2021 3:38:52 PM org.openqa.selenium.remote.ProtocolHandshake createSession
INFO: Detected dialect: W3C
]]></system-err>
  </testcase>
  <testcase name="loginWithNegData[ ,  ](3)" classname="com.qa.opencart.tests.LoginPageTest" time="0.788">
    <system-out><![CDATA[I am in onTestStart method searchProductAndCountTest start
Search product name is :iMac
I am in onTestSuccess method loginWithNegData succeed
]]></system-out>
  </testcase>
  <testcase name="getLoginPageTitleTest" classname="com.qa.opencart.tests.LoginPageTest" time="0.26">
    <system-out><![CDATA[I am in onTestStart method getLoginPageTitleTest start
I am in onTestSuccess method getLoginPageTitleTest succeed
]]></system-out>
  </testcase>
  <testcase name="getLoginPageUrlTest" classname="com.qa.opencart.tests.LoginPageTest" time="0.071">
    <system-out><![CDATA[I am in onTestStart method getLoginPageUrlTest start
I am in onTestSuccess method getLoginPageUrlTest succeed
]]></system-out>
  </testcase>
  <testcase name="verifyForgotPwdLinkTest" classname="com.qa.opencart.tests.LoginPageTest" time="2.396">
    <system-out><![CDATA[I am in onTestStart method verifyForgotPwdLinkTest start
I am in onTestSuccess method verifyForgotPwdLinkTest succeed
]]></system-out>
  </testcase>
  <testcase name="loginTest" classname="com.qa.opencart.tests.LoginPageTest" time="3.082">
    <system-out><![CDATA[I am in onTestSuccess method loginTest succeed
]]></system-out>
  </testcase>
  <testcase name="getProductInfoTest" classname="com.qa.opencart.tests.ProductInfoPageTest" time="3.576">
    <failure message="Index: 0, Size: 0" type="java.lang.IndexOutOfBoundsException"><![CDATA[java.lang.IndexOutOfBoundsException: Index: 0, Size: 0
	at com.qa.opencart.tests.ProductInfoPageTest.getProductInfoTest(ProductInfoPageTest.java:38)
]]></failure>
    <system-out><![CDATA[I am in onTestStart method loginWithNegData start
username :   password :  
Product list : []
I am in onTestFailure method getProductInfoTest failed
Screenshot captured for test case:getProductInfoTest
]]></system-out>
  </testcase>
  <testcase name="searchProductAndCountTest[Macbook](1)" classname="com.qa.opencart.tests.ProductInfoPageTest" time="5.894">
    <system-out><![CDATA[I am in onTestStart method searchProductAndCountTest start
Search product name is :Macbook
I am in onTestSuccess method searchProductAndCountTest succeed
]]></system-out>
  </testcase>
  <testcase name="searchProductAndCountTest[iMac](2)" classname="com.qa.opencart.tests.ProductInfoPageTest" time="2.4">
    <system-out><![CDATA[I am in onTestStart method loginTest start
username : sheetal5764@test.com password : test@123
I am in onTestSuccess method searchProductAndCountTest succeed
]]></system-out>
  </testcase>
  <testcase name="searchProductAndCountTest[iPhone](3)" classname="com.qa.opencart.tests.ProductInfoPageTest" time="0.78">
    <system-out><![CDATA[I am in onTestStart method searchProductAndCountTest start
Search product name is :iPhone
I am in onTestStart method userRegistrationTest start
I am in onTestSuccess method searchProductAndCountTest succeed
]]></system-out>
  </testcase>
  <testcase name="userRegistrationTest[Jalpa, Shah, 7890245678, test@123, yes](1)" classname="com.qa.opencart.tests.RegistrationPageTest" time="25.238">
    <system-out><![CDATA[I am in onFinish method ProductInfo page Test
I am in onFinish method Login page Test
I am in onTestSuccess method userRegistrationTest succeed
]]></system-out>
  </testcase>
  <testcase name="userRegistrationTest[Jalu, Shah, 5375735573, test@123, no](2)" classname="com.qa.opencart.tests.RegistrationPageTest" time="23.149">
    <system-out><![CDATA[I am in onTestStart method userRegistrationTest start
I am in onTestSuccess method userRegistrationTest succeed
]]></system-out>
  </testcase>
</testsuite>