-------------------------------------------------------------------------------
Test set: TestSuite
-------------------------------------------------------------------------------
Tests run: 17, Failures: 1, Errors: 0, Skipped: 0, Time elapsed: 131.561 s <<< FAILURE! - in TestSuite
com.qa.opencart.tests.ProductInfoPageTest.getProductInfoTest  Time elapsed: 3.576 s  <<< FAILURE!
java.lang.IndexOutOfBoundsException: Index: 0, Size: 0
	at com.qa.opencart.tests.ProductInfoPageTest.getProductInfoTest(ProductInfoPageTest.java:38)

