<?xml version="1.0" encoding="UTF-8"?>
<!-- Generated by org.testng.reporters.JUnitXMLReporter -->
<testsuite hostname="disha" ignored="0" name="Accounts page Test" tests="4" failures="0" timestamp="23 Apr 2021 20:13:26 GMT" time="56.799" errors="0">
  <testcase name="getAccountsPagetitleTest" time="0.052" classname="com.qa.opencart.tests.AccountPageTest"/>
  <testcase name="getAccountsPageUrlTest" time="0.03" classname="com.qa.opencart.tests.AccountPageTest"/>
  <testcase name="verifyMyAccountLinkExistTest" time="2.683" classname="com.qa.opencart.tests.AccountPageTest"/>
  <testcase name="verifyAccHeaderSectionTest" time="0.82" classname="com.qa.opencart.tests.AccountPageTest"/>
</testsuite> <!-- Accounts page Test -->
