<?xml version="1.0" encoding="UTF-8"?>
<!-- Generated by org.testng.reporters.JUnitXMLReporter -->
<testsuite hostname="disha" ignored="0" name="Login page Test" tests="7" failures="0" timestamp="27 Apr 2021 17:39:11 GMT" time="58.753" errors="0">
  <testcase name="loginWithNegData" time="10.975" classname="com.qa.opencart.tests.LoginPageTest"/>
  <testcase name="loginWithNegData" time="9.198" classname="com.qa.opencart.tests.LoginPageTest"/>
  <testcase name="loginWithNegData" time="9.251" classname="com.qa.opencart.tests.LoginPageTest"/>
  <testcase name="getLoginPageTitleTest" time="0.116" classname="com.qa.opencart.tests.LoginPageTest"/>
  <testcase name="getLoginPageUrlTest" time="0.03" classname="com.qa.opencart.tests.LoginPageTest"/>
  <testcase name="verifyForgotPwdLinkTest" time="1.799" classname="com.qa.opencart.tests.LoginPageTest"/>
  <testcase name="loginTest" time="7.354" classname="com.qa.opencart.tests.LoginPageTest"/>
</testsuite> <!-- Login page Test -->
